Using pre-set license
Built from '2020.3/staging' branch; Version is '2020.3.3f1 (76626098c1c4) revision 7758432'; Using compiler version '192528614'; Build Type 'Release'
OS: 'Windows 10 Home Single Language; OS build 19042.1237; Version 2009; 64bit' Language: 'en' Physical Memory: 16145 MB
BatchMode: 1, IsHumanControllingUs: 0, StartBugReporterOnCrash: 0, Is64bit: 1, IsPro: 0

 COMMAND LINE ARGUMENTS:
C:\Program Files\Unity\Hub\Editor\2020.3.3f1\Editor\Unity.exe
-adb2
-batchMode
-noUpm
-name
AssetImportWorker0
-projectPath
C:/Users/kappa/Documents/GitHub/A4_Repo/A4_SpaceResources
-logFile
Logs/AssetImportWorker0.log
-srvPort
62157
Successfully changed project path to: C:/Users/kappa/Documents/GitHub/A4_Repo/A4_SpaceResources
C:/Users/kappa/Documents/GitHub/A4_Repo/A4_SpaceResources
Using Asset Import Pipeline V2.
Refreshing native plugins compatible for Editor in 34.88 ms, found 1 plugins.
Preloading 0 native plugins for Editor in 0.00 ms.
Initialize engine version: 2020.3.3f1 (76626098c1c4)
[Subsystems] Discovering subsystems at path C:/Program Files/Unity/Hub/Editor/2020.3.3f1/Editor/Data/Resources/UnitySubsystems
[Subsystems] Discovering subsystems at path C:/Users/kappa/Documents/GitHub/A4_Repo/A4_SpaceResources/Assets
GfxDevice: creating device client; threaded=0
Direct3D:
    Version:  Direct3D 11.0 [level 11.1]
    Renderer: NVIDIA GeForce GTX 1660 Ti (ID=0x2191)
    Vendor:   
    VRAM:     5991 MB
    Driver:   27.21.14.6231
Initialize mono
Mono path[0] = 'C:/Program Files/Unity/Hub/Editor/2020.3.3f1/Editor/Data/Managed'
Mono path[1] = 'C:/Program Files/Unity/Hub/Editor/2020.3.3f1/Editor/Data/MonoBleedingEdge/lib/mono/unityjit'
Mono config path = 'C:/Program Files/Unity/Hub/Editor/2020.3.3f1/Editor/Data/MonoBleedingEdge/etc'
Using monoOptions --debugger-agent=transport=dt_socket,embedding=1,server=y,suspend=n,address=127.0.0.1:56860
Begin MonoManager ReloadAssembly
Registering precompiled unity dll's ...
Register platform support module: C:/Program Files/Unity/Hub/Editor/2020.3.3f1/Editor/Data/PlaybackEngines/WindowsStandaloneSupport/UnityEditor.WindowsStandalone.Extensions.dll
Registered in 0.003046 seconds.
Native extension for WindowsStandalone target not found
Refreshing native plugins compatible for Editor in 32.46 ms, found 1 plugins.
Preloading 0 native plugins for Editor in 0.00 ms.
Invoked RoslynAnalysisRunner static constructor.
RoslynAnalysisRunner will not be running.
RoslynAnalysisRunner has terminated.
Mono: successfully reloaded assembly
- Completed reload, in  0.957 seconds
Platform modules already initialized, skipping
Registering precompiled user dll's ...
Registered in 0.002163 seconds.
Begin MonoManager ReloadAssembly
Native extension for WindowsStandalone target not found
Refreshing native plugins compatible for Editor in 31.16 ms, found 1 plugins.
Preloading 0 native plugins for Editor in 0.00 ms.
Invoked RoslynAnalysisRunner static constructor.
RoslynAnalysisRunner will not be running.
RoslynAnalysisRunner has terminated.
Mono: successfully reloaded assembly
- Completed reload, in  0.874 seconds
Platform modules already initialized, skipping
========================================================================
Worker process is ready to serve import requests
Launched and connected shader compiler UnityShaderCompiler.exe after 0.04 seconds
Refreshing native plugins compatible for Editor in 0.43 ms, found 1 plugins.
Preloading 0 native plugins for Editor in 0.00 ms.
Unloading 1936 Unused Serialized files (Serialized files now loaded: 0)
System memory in use before: 88.8 MB.
System memory in use after: 88.7 MB.

Unloading 26 unused Assets to reduce memory usage. Loaded Objects now: 2381.
Total: 2.143000 ms (FindLiveObjects: 0.247800 ms CreateObjectMapping: 0.158600 ms MarkObjects: 1.625900 ms  DeleteObjects: 0.109700 ms)

========================================================================
Received Import Request.
  path: Assets/Resources/DOTweenSettings.asset
  artifactKey: Guid(743be3d358e4ff64eae78dcde506b85f) Importer(815301076,1909f56bfc062723c751e8b465ee728b)
Start importing Assets/Resources/DOTweenSettings.asset using Guid(743be3d358e4ff64eae78dcde506b85f) Importer(815301076,1909f56bfc062723c751e8b465ee728b)  -> (artifact id: 'e75ec65f847e8c5cba0decac9dcfffdf') in 0.028011 seconds
  Import took 0.031269 seconds .

========================================================================
Received Import Request.
  Time since last request: 0.000314 seconds.
  path: Assets/Resources
  artifactKey: Guid(a50d1dc6544d21e4b8345b463ea4401f) Importer(815301076,1909f56bfc062723c751e8b465ee728b)
Start importing Assets/Resources using Guid(a50d1dc6544d21e4b8345b463ea4401f) Importer(815301076,1909f56bfc062723c751e8b465ee728b)  -> (artifact id: 'dd52a4d5699ef0c12a01b27ee87f7900') in 0.002516 seconds
  Import took 0.005222 seconds .

========================================================================
Received Import Request.
  Time since last request: 1605.918940 seconds.
  path: Assets/Plugins
  artifactKey: Guid(3f70de3de4281334d96a05a8c4304469) Importer(815301076,1909f56bfc062723c751e8b465ee728b)
Start importing Assets/Plugins using Guid(3f70de3de4281334d96a05a8c4304469) Importer(815301076,1909f56bfc062723c751e8b465ee728b)  -> (artifact id: 'b2cf84e3de578e66298b76081496cd96') in 0.002767 seconds
  Import took 0.006336 seconds .

========================================================================
Received Import Request.
  Time since last request: 0.000570 seconds.
  path: Assets/Plugins
  artifactKey: Guid(3f70de3de4281334d96a05a8c4304469) Importer(815301076,1909f56bfc062723c751e8b465ee728b)
Start importing Assets/Plugins using Guid(3f70de3de4281334d96a05a8c4304469) Importer(815301076,1909f56bfc062723c751e8b465ee728b)  -> (artifact id: 'b2cf84e3de578e66298b76081496cd96') in 0.002132 seconds
  Import took 0.004919 seconds .

========================================================================
Received Import Request.
  Time since last request: 1.343652 seconds.
  path: Assets/Plugins/Demigiant
  artifactKey: Guid(aaff6fb9092b5834ea61772604532551) Importer(815301076,1909f56bfc062723c751e8b465ee728b)
Start importing Assets/Plugins/Demigiant using Guid(aaff6fb9092b5834ea61772604532551) Importer(815301076,1909f56bfc062723c751e8b465ee728b)  -> (artifact id: '68ce9e58a9d55d0552729ee2368b9949') in 0.004672 seconds
  Import took 0.008766 seconds .

========================================================================
Received Import Request.
  Time since last request: 2.279882 seconds.
  path: Assets/Ink
  artifactKey: Guid(fcceb449fcebe9847ab3a8f484e76028) Importer(815301076,1909f56bfc062723c751e8b465ee728b)
Start importing Assets/Ink using Guid(fcceb449fcebe9847ab3a8f484e76028) Importer(815301076,1909f56bfc062723c751e8b465ee728b)  -> (artifact id: '5bdc1b9eb9cbb6cbcc695780da2c336a') in 0.003239 seconds
  Import took 0.006690 seconds .

========================================================================
Received Import Request.
  Time since last request: 0.000507 seconds.
  path: Assets/Ink
  artifactKey: Guid(fcceb449fcebe9847ab3a8f484e76028) Importer(815301076,1909f56bfc062723c751e8b465ee728b)
Start importing Assets/Ink using Guid(fcceb449fcebe9847ab3a8f484e76028) Importer(815301076,1909f56bfc062723c751e8b465ee728b)  -> (artifact id: '5bdc1b9eb9cbb6cbcc695780da2c336a') in 0.002157 seconds
  Import took 0.004703 seconds .

========================================================================
Received Import Request.
  Time since last request: 107.094432 seconds.
  path: Assets
  artifactKey: Guid(00000000000000001000000000000000) Importer(815301076,1909f56bfc062723c751e8b465ee728b)
Start importing Assets using Guid(00000000000000001000000000000000) Importer(815301076,1909f56bfc062723c751e8b465ee728b)  -> (artifact id: 'b2e0e235c0f4af3754229b664788db90') in 0.003702 seconds
  Import took 0.006788 seconds .

========================================================================
Received Import Request.
  Time since last request: 0.001009 seconds.
  path: Assets
  artifactKey: Guid(00000000000000001000000000000000) Importer(815301076,1909f56bfc062723c751e8b465ee728b)
Start importing Assets using Guid(00000000000000001000000000000000) Importer(815301076,1909f56bfc062723c751e8b465ee728b)  -> (artifact id: 'b2e0e235c0f4af3754229b664788db90') in 0.002160 seconds
  Import took 0.005010 seconds .

========================================================================
Received Import Request.
  Time since last request: 9.102373 seconds.
  path: Assets/InkManager.cs
  artifactKey: Guid(ca54fcc188ec4bb4ca811e45a869bed9) Importer(815301076,1909f56bfc062723c751e8b465ee728b)
Start importing Assets/InkManager.cs using Guid(ca54fcc188ec4bb4ca811e45a869bed9) Importer(815301076,1909f56bfc062723c751e8b465ee728b)  -> (artifact id: '59a0a60016df3d8439e7dce72ccd1dee') in 0.006401 seconds
  Import took 0.009252 seconds .

========================================================================
Received Prepare
Registering precompiled user dll's ...
Registered in 0.002150 seconds.
Begin MonoManager ReloadAssembly
Native extension for WindowsStandalone target not found
Refreshing native plugins compatible for Editor in 0.33 ms, found 1 plugins.
Preloading 0 native plugins for Editor in 0.00 ms.
Invoked RoslynAnalysisRunner static constructor.
RoslynAnalysisRunner will not be running.
RoslynAnalysisRunner has terminated.
Mono: successfully reloaded assembly
- Completed reload, in  0.758 seconds
Platform modules already initialized, skipping
Refreshing native plugins compatible for Editor in 0.35 ms, found 1 plugins.
Preloading 0 native plugins for Editor in 0.00 ms.
Unloading 1932 Unused Serialized files (Serialized files now loaded: 0)
System memory in use before: 88.8 MB.
System memory in use after: 88.7 MB.

Unloading 14 unused Assets to reduce memory usage. Loaded Objects now: 2386.
Total: 1.784000 ms (FindLiveObjects: 0.207400 ms CreateObjectMapping: 0.067200 ms MarkObjects: 1.416000 ms  DeleteObjects: 0.092200 ms)

========================================================================
Received Import Request.
  Time since last request: 169.235915 seconds.
  path: Assets/InkManager.cs
  artifactKey: Guid(ca54fcc188ec4bb4ca811e45a869bed9) Importer(815301076,1909f56bfc062723c751e8b465ee728b)
Start importing Assets/InkManager.cs using Guid(ca54fcc188ec4bb4ca811e45a869bed9) Importer(815301076,1909f56bfc062723c751e8b465ee728b)  -> (artifact id: 'bbeaf67374ecdd7e31f25522556ef3f2') in 0.010602 seconds
  Import took 0.017671 seconds .

========================================================================
Received Import Request.
  Time since last request: 0.001574 seconds.
  path: Assets/InkManager.cs
  artifactKey: Guid(ca54fcc188ec4bb4ca811e45a869bed9) Importer(815301076,1909f56bfc062723c751e8b465ee728b)
Start importing Assets/InkManager.cs using Guid(ca54fcc188ec4bb4ca811e45a869bed9) Importer(815301076,1909f56bfc062723c751e8b465ee728b)  -> (artifact id: 'bbeaf67374ecdd7e31f25522556ef3f2') in 0.004595 seconds
  Import took 0.010581 seconds .

========================================================================
Received Prepare
Registering precompiled user dll's ...
Registered in 0.002598 seconds.
Begin MonoManager ReloadAssembly
Native extension for WindowsStandalone target not found
Refreshing native plugins compatible for Editor in 0.35 ms, found 1 plugins.
Preloading 0 native plugins for Editor in 0.00 ms.
Invoked RoslynAnalysisRunner static constructor.
RoslynAnalysisRunner will not be running.
RoslynAnalysisRunner has terminated.
Mono: successfully reloaded assembly
- Completed reload, in  0.856 seconds
Platform modules already initialized, skipping
Refreshing native plugins compatible for Editor in 0.60 ms, found 1 plugins.
Preloading 0 native plugins for Editor in 0.00 ms.
Unloading 1932 Unused Serialized files (Serialized files now loaded: 0)
System memory in use before: 88.8 MB.
System memory in use after: 88.8 MB.

Unloading 14 unused Assets to reduce memory usage. Loaded Objects now: 2390.
Total: 1.851100 ms (FindLiveObjects: 0.248000 ms CreateObjectMapping: 0.098700 ms MarkObjects: 1.412100 ms  DeleteObjects: 0.091200 ms)

========================================================================
Received Import Request.
  Time since last request: 63.844723 seconds.
  path: Assets/InkManager.cs
  artifactKey: Guid(ca54fcc188ec4bb4ca811e45a869bed9) Importer(815301076,1909f56bfc062723c751e8b465ee728b)
Start importing Assets/InkManager.cs using Guid(ca54fcc188ec4bb4ca811e45a869bed9) Importer(815301076,1909f56bfc062723c751e8b465ee728b)  -> (artifact id: '061a3c9c50df8f2d4323a831eb8121f3') in 0.005240 seconds
  Import took 0.008684 seconds .

========================================================================
Received Import Request.
  Time since last request: 66.123143 seconds.
  path: Assets/Dialogue1.json
  artifactKey: Guid(250d6d8344173c04bab7ae03344d5229) Importer(815301076,1909f56bfc062723c751e8b465ee728b)
Start importing Assets/Dialogue1.json using Guid(250d6d8344173c04bab7ae03344d5229) Importer(815301076,1909f56bfc062723c751e8b465ee728b)  -> (artifact id: '5fbde06c2c82f6354bebfde7e8c16089') in 0.018618 seconds
  Import took 0.022636 seconds .

========================================================================
Received Prepare
Registering precompiled user dll's ...
Registered in 0.002256 seconds.
Begin MonoManager ReloadAssembly
Native extension for WindowsStandalone target not found
Refreshing native plugins compatible for Editor in 0.36 ms, found 1 plugins.
Preloading 0 native plugins for Editor in 0.00 ms.
Invoked RoslynAnalysisRunner static constructor.
RoslynAnalysisRunner will not be running.
RoslynAnalysisRunner has terminated.
Mono: successfully reloaded assembly
- Completed reload, in  0.795 seconds
Platform modules already initialized, skipping
Refreshing native plugins compatible for Editor in 0.39 ms, found 1 plugins.
Preloading 0 native plugins for Editor in 0.00 ms.
Unloading 1932 Unused Serialized files (Serialized files now loaded: 0)
System memory in use before: 88.8 MB.
System memory in use after: 88.8 MB.

Unloading 14 unused Assets to reduce memory usage. Loaded Objects now: 2394.
Total: 2.001300 ms (FindLiveObjects: 0.186900 ms CreateObjectMapping: 0.067500 ms MarkObjects: 1.623200 ms  DeleteObjects: 0.122300 ms)

========================================================================
Received Prepare
Registering precompiled user dll's ...
Registered in 0.002698 seconds.
Begin MonoManager ReloadAssembly
Native extension for WindowsStandalone target not found
Refreshing native plugins compatible for Editor in 0.38 ms, found 1 plugins.
Preloading 0 native plugins for Editor in 0.00 ms.
Invoked RoslynAnalysisRunner static constructor.
RoslynAnalysisRunner will not be running.
RoslynAnalysisRunner has terminated.
Mono: successfully reloaded assembly
- Completed reload, in  0.789 seconds
Platform modules already initialized, skipping
Refreshing native plugins compatible for Editor in 0.36 ms, found 1 plugins.
Preloading 0 native plugins for Editor in 0.00 ms.
Unloading 1932 Unused Serialized files (Serialized files now loaded: 0)
System memory in use before: 88.8 MB.
System memory in use after: 88.8 MB.

Unloading 14 unused Assets to reduce memory usage. Loaded Objects now: 2398.
Total: 2.332100 ms (FindLiveObjects: 0.292900 ms CreateObjectMapping: 0.082700 ms MarkObjects: 1.829200 ms  DeleteObjects: 0.126500 ms)

AssetImportWorkerClient::OnTransportError - code=2 error=End of file
