Using pre-set license
Built from '2020.3/staging' branch; Version is '2020.3.4f1 (0abb6314276a) revision 703331'; Using compiler version '192528614'; Build Type 'Release'
OS: 'Windows 10 Home Single Language; OS build 19042.1237; Version 2009; 64bit' Language: 'en' Physical Memory: 16145 MB
BatchMode: 1, IsHumanControllingUs: 0, StartBugReporterOnCrash: 0, Is64bit: 1, IsPro: 0

 COMMAND LINE ARGUMENTS:
C:\Program Files\Unity\Hub\Editor\2020.3.4f1\Editor\Unity.exe
-adb2
-batchMode
-noUpm
-name
AssetImportWorker0
-projectPath
C:/Users/chris/OneDrive/Documents/GitHub/A4_Repo/A4_SpaceResources
-logFile
Logs/AssetImportWorker0.log
-srvPort
60319
Successfully changed project path to: C:/Users/chris/OneDrive/Documents/GitHub/A4_Repo/A4_SpaceResources
C:/Users/chris/OneDrive/Documents/GitHub/A4_Repo/A4_SpaceResources
Using Asset Import Pipeline V2.
Refreshing native plugins compatible for Editor in 45.24 ms, found 1 plugins.
Preloading 0 native plugins for Editor in 0.00 ms.
Initialize engine version: 2020.3.4f1 (0abb6314276a)
[Subsystems] Discovering subsystems at path C:/Program Files/Unity/Hub/Editor/2020.3.4f1/Editor/Data/Resources/UnitySubsystems
[Subsystems] Discovering subsystems at path C:/Users/chris/OneDrive/Documents/GitHub/A4_Repo/A4_SpaceResources/Assets
GfxDevice: creating device client; threaded=0
Direct3D:
    Version:  Direct3D 11.0 [level 11.1]
    Renderer: NVIDIA GeForce GTX 1660 Ti (ID=0x2191)
    Vendor:   
    VRAM:     5991 MB
    Driver:   27.21.14.6231
Initialize mono
Mono path[0] = 'C:/Program Files/Unity/Hub/Editor/2020.3.4f1/Editor/Data/Managed'
Mono path[1] = 'C:/Program Files/Unity/Hub/Editor/2020.3.4f1/Editor/Data/MonoBleedingEdge/lib/mono/unityjit'
Mono config path = 'C:/Program Files/Unity/Hub/Editor/2020.3.4f1/Editor/Data/MonoBleedingEdge/etc'
Using monoOptions --debugger-agent=transport=dt_socket,embedding=1,server=y,suspend=n,address=127.0.0.1:56076
Begin MonoManager ReloadAssembly
Registering precompiled unity dll's ...
Register platform support module: C:/Program Files/Unity/Hub/Editor/2020.3.4f1/Editor/Data/PlaybackEngines/WindowsStandaloneSupport/UnityEditor.WindowsStandalone.Extensions.dll
Registered in 0.002436 seconds.
Native extension for WindowsStandalone target not found
Refreshing native plugins compatible for Editor in 38.97 ms, found 1 plugins.
Preloading 0 native plugins for Editor in 0.00 ms.
Mono: successfully reloaded assembly
- Completed reload, in  1.162 seconds
Platform modules already initialized, skipping
Registering precompiled user dll's ...
Registered in 0.002375 seconds.
Begin MonoManager ReloadAssembly
Native extension for WindowsStandalone target not found
Refreshing native plugins compatible for Editor in 40.78 ms, found 1 plugins.
Preloading 0 native plugins for Editor in 0.00 ms.
Mono: successfully reloaded assembly
- Completed reload, in  1.007 seconds
Platform modules already initialized, skipping
========================================================================
Worker process is ready to serve import requests
Launched and connected shader compiler UnityShaderCompiler.exe after 0.05 seconds
Refreshing native plugins compatible for Editor in 0.38 ms, found 1 plugins.
Preloading 0 native plugins for Editor in 0.00 ms.
Unloading 1937 Unused Serialized files (Serialized files now loaded: 0)
System memory in use before: 88.9 MB.
System memory in use after: 88.9 MB.

Unloading 26 unused Assets to reduce memory usage. Loaded Objects now: 2383.
Total: 2.242400 ms (FindLiveObjects: 0.271600 ms CreateObjectMapping: 0.119500 ms MarkObjects: 1.723600 ms  DeleteObjects: 0.126800 ms)

========================================================================
Received Import Request.
  path: Assets/Resources/DOTweenSettings.asset
  artifactKey: Guid(743be3d358e4ff64eae78dcde506b85f) Importer(815301076,1909f56bfc062723c751e8b465ee728b)
Start importing Assets/Resources/DOTweenSettings.asset using Guid(743be3d358e4ff64eae78dcde506b85f) Importer(815301076,1909f56bfc062723c751e8b465ee728b)  -> (artifact id: 'a20815f2ceed8190e09df90004ee5459') in 0.028644 seconds
  Import took 0.034219 seconds .

========================================================================
Received Import Request.
  Time since last request: 0.000607 seconds.
  path: Assets/Scenes/JupiterScene.unity
  artifactKey: Guid(6507ded354a2f834db477be302b093ab) Importer(815301076,1909f56bfc062723c751e8b465ee728b)
Start importing Assets/Scenes/JupiterScene.unity using Guid(6507ded354a2f834db477be302b093ab) Importer(815301076,1909f56bfc062723c751e8b465ee728b)  -> (artifact id: 'eadf76ff24077dd9f4d866af7472ee35') in 0.002588 seconds
  Import took 0.006809 seconds .

========================================================================
Received Import Request.
  Time since last request: 107.797945 seconds.
  path: Assets/Scenes/NeptuneScene.unity
  artifactKey: Guid(e65e826a6889fcc45a082ea5b0cdb95d) Importer(815301076,1909f56bfc062723c751e8b465ee728b)
Start importing Assets/Scenes/NeptuneScene.unity using Guid(e65e826a6889fcc45a082ea5b0cdb95d) Importer(815301076,1909f56bfc062723c751e8b465ee728b)  -> (artifact id: '28f5ae25edb361600ac12f3f2634e817') in 0.003720 seconds
  Import took 0.009482 seconds .

========================================================================
Received Import Request.
  Time since last request: 4.308587 seconds.
  path: Assets/Scenes/JupiterScene.unity
  artifactKey: Guid(6507ded354a2f834db477be302b093ab) Importer(815301076,1909f56bfc062723c751e8b465ee728b)
Start importing Assets/Scenes/JupiterScene.unity using Guid(6507ded354a2f834db477be302b093ab) Importer(815301076,1909f56bfc062723c751e8b465ee728b)  -> (artifact id: 'a26d958a0e9b9bcb923e3528257939d6') in 0.003004 seconds
  Import took 0.007708 seconds .

========================================================================
Received Import Request.
  Time since last request: 148.173053 seconds.
  path: Assets/Scenes/TravelBetweenScene1.unity
  artifactKey: Guid(6899158e070f5044394706726cabb286) Importer(815301076,1909f56bfc062723c751e8b465ee728b)
Start importing Assets/Scenes/TravelBetweenScene1.unity using Guid(6899158e070f5044394706726cabb286) Importer(815301076,1909f56bfc062723c751e8b465ee728b)  -> (artifact id: 'ee0411c5f16116d3ef74a0d86c4e4804') in 0.002649 seconds
  Import took 0.007539 seconds .

========================================================================
Received Import Request.
  Time since last request: 3.597146 seconds.
  path: Assets/Scenes/TravelBetweenScene2.unity
  artifactKey: Guid(75fbad689fed1b44bafe23ec01063014) Importer(815301076,1909f56bfc062723c751e8b465ee728b)
Start importing Assets/Scenes/TravelBetweenScene2.unity using Guid(75fbad689fed1b44bafe23ec01063014) Importer(815301076,1909f56bfc062723c751e8b465ee728b)  -> (artifact id: '9fb1b38b8026fb88f7d51e45c569016c') in 0.002380 seconds
  Import took 0.006725 seconds .

========================================================================
Received Import Request.
  Time since last request: 28.887915 seconds.
  path: Assets/Scenes/NeptuneScene.unity
  artifactKey: Guid(e65e826a6889fcc45a082ea5b0cdb95d) Importer(815301076,1909f56bfc062723c751e8b465ee728b)
Start importing Assets/Scenes/NeptuneScene.unity using Guid(e65e826a6889fcc45a082ea5b0cdb95d) Importer(815301076,1909f56bfc062723c751e8b465ee728b)  -> (artifact id: 'c0328810ecded0081f110b37b0a3eed5') in 0.002560 seconds
  Import took 0.007048 seconds .

========================================================================
Received Import Request.
  Time since last request: 22.562394 seconds.
  path: Assets/Scenes/TravelBetweenScene2.unity
  artifactKey: Guid(75fbad689fed1b44bafe23ec01063014) Importer(815301076,1909f56bfc062723c751e8b465ee728b)
Start importing Assets/Scenes/TravelBetweenScene2.unity using Guid(75fbad689fed1b44bafe23ec01063014) Importer(815301076,1909f56bfc062723c751e8b465ee728b)  -> (artifact id: '2b74c6cba4c9fedc4713c70e352b3f9f') in 0.002730 seconds
  Import took 0.007181 seconds .

========================================================================
Received Import Request.
  Time since last request: 6.128708 seconds.
  path: Assets/Scenes/EarthScene.unity
  artifactKey: Guid(c3b52c99d31a9ee42be9625d35688381) Importer(815301076,1909f56bfc062723c751e8b465ee728b)
Start importing Assets/Scenes/EarthScene.unity using Guid(c3b52c99d31a9ee42be9625d35688381) Importer(815301076,1909f56bfc062723c751e8b465ee728b)  -> (artifact id: 'e85a83f8b44a53d52e9f5500995c3829') in 0.002426 seconds
  Import took 0.006819 seconds .

========================================================================
Received Import Request.
  Time since last request: 948.306493 seconds.
  path: Assets/Scenes/TravelBetweenScene2.unity
  artifactKey: Guid(75fbad689fed1b44bafe23ec01063014) Importer(815301076,1909f56bfc062723c751e8b465ee728b)
Start importing Assets/Scenes/TravelBetweenScene2.unity using Guid(75fbad689fed1b44bafe23ec01063014) Importer(815301076,1909f56bfc062723c751e8b465ee728b)  -> (artifact id: '83c067db139f0ea2695801a12557709e') in 0.002899 seconds
  Import took 0.008098 seconds .

========================================================================
Received Import Request.
  Time since last request: 1.205931 seconds.
  path: Assets/Scenes/NeptuneScene.unity
  artifactKey: Guid(e65e826a6889fcc45a082ea5b0cdb95d) Importer(815301076,1909f56bfc062723c751e8b465ee728b)
Start importing Assets/Scenes/NeptuneScene.unity using Guid(e65e826a6889fcc45a082ea5b0cdb95d) Importer(815301076,1909f56bfc062723c751e8b465ee728b)  -> (artifact id: '46a51ee18f0ad0ef82ae675f85e01227') in 0.002335 seconds
  Import took 0.006983 seconds .

========================================================================
Received Import Request.
  Time since last request: 7.561423 seconds.
  path: Assets/Sprites/AstroTheNautMainCharacter.psd
  artifactKey: Guid(0b67605e504a0754c963c2f1ebb5a377) Importer(815301076,1909f56bfc062723c751e8b465ee728b)
Start importing Assets/Sprites/AstroTheNautMainCharacter.psd using Guid(0b67605e504a0754c963c2f1ebb5a377) Importer(815301076,1909f56bfc062723c751e8b465ee728b)  -> (artifact id: 'cf37e9f61afb530a364d75f236202e64') in 0.077597 seconds
  Import took 0.082183 seconds .

========================================================================
Received Import Request.
  Time since last request: 0.000298 seconds.
  path: Assets/Sprites/planet1character.psd
  artifactKey: Guid(c89dd6eaa17cedc40af4db4c2342431c) Importer(815301076,1909f56bfc062723c751e8b465ee728b)
Start importing Assets/Sprites/planet1character.psd using Guid(c89dd6eaa17cedc40af4db4c2342431c) Importer(815301076,1909f56bfc062723c751e8b465ee728b)  -> (artifact id: '90a60fb38e68379839db3e6eee5b88e7') in 0.010897 seconds
  Import took 0.015250 seconds .

========================================================================
Received Import Request.
  Time since last request: 0.000296 seconds.
  path: Assets/Sprites/ship.psd
  artifactKey: Guid(3b5036f28ac06274abd89eea4fb88757) Importer(815301076,1909f56bfc062723c751e8b465ee728b)
Start importing Assets/Sprites/ship.psd using Guid(3b5036f28ac06274abd89eea4fb88757) Importer(815301076,1909f56bfc062723c751e8b465ee728b)  -> (artifact id: '297c66fe8e648d2a9bfb202588643197') in 0.008723 seconds
  Import took 0.013026 seconds .

========================================================================
Received Import Request.
  Time since last request: 0.000291 seconds.
  path: Assets/Sprites/planet 2 surface.psd
  artifactKey: Guid(69ed3bc1498cc834d8bf0a413594c15d) Importer(815301076,1909f56bfc062723c751e8b465ee728b)
Start importing Assets/Sprites/planet 2 surface.psd using Guid(69ed3bc1498cc834d8bf0a413594c15d) Importer(815301076,1909f56bfc062723c751e8b465ee728b)  -> (artifact id: 'b0f9579438543dcc6f085f7b9ad40473') in 0.008924 seconds
  Import took 0.013484 seconds .

========================================================================
Received Import Request.
  Time since last request: 0.000328 seconds.
  path: Assets/Sprites/jupitersurface.psd
  artifactKey: Guid(7626bb22dc8ce2144905990f3bc9da42) Importer(815301076,1909f56bfc062723c751e8b465ee728b)
Start importing Assets/Sprites/jupitersurface.psd using Guid(7626bb22dc8ce2144905990f3bc9da42) Importer(815301076,1909f56bfc062723c751e8b465ee728b)  -> (artifact id: '963f04f7a77785145e51ba3e419129ed') in 0.008983 seconds
  Import took 0.013597 seconds .

========================================================================
Received Import Request.
  Time since last request: 0.000273 seconds.
  path: Assets/Sprites/Earth.psd
  artifactKey: Guid(e0d55869b80377c47aab6738d31beecf) Importer(815301076,1909f56bfc062723c751e8b465ee728b)
Start importing Assets/Sprites/Earth.psd using Guid(e0d55869b80377c47aab6738d31beecf) Importer(815301076,1909f56bfc062723c751e8b465ee728b)  -> (artifact id: 'eeb7fb23021841a6640731b8c32fee8b') in 0.008632 seconds
  Import took 0.013497 seconds .

========================================================================
Received Import Request.
  Time since last request: 0.000291 seconds.
  path: Assets/Sprites/galaxy.psd
  artifactKey: Guid(75e8391ff0b941849a4f67eeaaea9bd8) Importer(815301076,1909f56bfc062723c751e8b465ee728b)
Start importing Assets/Sprites/galaxy.psd using Guid(75e8391ff0b941849a4f67eeaaea9bd8) Importer(815301076,1909f56bfc062723c751e8b465ee728b)  -> (artifact id: '8e8e64589ebe2d41ca81b674602ec82c') in 0.008644 seconds
  Import took 0.013785 seconds .

========================================================================
Received Import Request.
  Time since last request: 0.000302 seconds.
  path: Assets/Sprites/planet 2 character. kra.psd
  artifactKey: Guid(6b27d40f298058842ac004cb6db3d9a9) Importer(815301076,1909f56bfc062723c751e8b465ee728b)
Start importing Assets/Sprites/planet 2 character. kra.psd using Guid(6b27d40f298058842ac004cb6db3d9a9) Importer(815301076,1909f56bfc062723c751e8b465ee728b)  -> (artifact id: '08c7178bdc09a65ec81899a0a49faca3') in 0.009443 seconds
  Import took 0.013929 seconds .

========================================================================
Received Import Request.
  Time since last request: 0.000298 seconds.
  path: Assets/Sprites/PLANET1.psd
  artifactKey: Guid(f5fd037b440db3d4db746fc19ae6f600) Importer(815301076,1909f56bfc062723c751e8b465ee728b)
Start importing Assets/Sprites/PLANET1.psd using Guid(f5fd037b440db3d4db746fc19ae6f600) Importer(815301076,1909f56bfc062723c751e8b465ee728b)  -> (artifact id: '8ccd853e3ff5b849957f7f912e21a8f5') in 0.011123 seconds
  Import took 0.015665 seconds .

========================================================================
Received Import Request.
  Time since last request: 0.000336 seconds.
  path: Assets/Sprites/PLANET2.psd
  artifactKey: Guid(641f5386e16ffb74980dc2e4b7be9714) Importer(815301076,1909f56bfc062723c751e8b465ee728b)
Start importing Assets/Sprites/PLANET2.psd using Guid(641f5386e16ffb74980dc2e4b7be9714) Importer(815301076,1909f56bfc062723c751e8b465ee728b)  -> (artifact id: 'e3a0560f9a1be143b7007c7119df1848') in 0.008622 seconds
  Import took 0.013388 seconds .

========================================================================
Received Import Request.
  Time since last request: 2.127410 seconds.
  path: Assets/Sprites
  artifactKey: Guid(5f0ee993681021540bd3812be89c75a1) Importer(815301076,1909f56bfc062723c751e8b465ee728b)
Start importing Assets/Sprites using Guid(5f0ee993681021540bd3812be89c75a1) Importer(815301076,1909f56bfc062723c751e8b465ee728b)  -> (artifact id: '010288c40849a4836754b9a286686d6e') in 0.002332 seconds
  Import took 0.007044 seconds .

========================================================================
Received Import Request.
  Time since last request: 6.917045 seconds.
  path: Assets/Sprites/pirate sprite.psd
  artifactKey: Guid(defd4a726b3a29d4bb48b78c531d66d7) Importer(815301076,1909f56bfc062723c751e8b465ee728b)
Start importing Assets/Sprites/pirate sprite.psd using Guid(defd4a726b3a29d4bb48b78c531d66d7) Importer(815301076,1909f56bfc062723c751e8b465ee728b)  -> (artifact id: '9ef9e4063f14c13a54e13143f4165b6b') in 0.008630 seconds
  Import took 0.013347 seconds .

========================================================================
Received Import Request.
  Time since last request: 0.031069 seconds.
  path: Assets/Sprites/pirate sprite.psd
  artifactKey: Guid(defd4a726b3a29d4bb48b78c531d66d7) Importer(815301076,1909f56bfc062723c751e8b465ee728b)
Start importing Assets/Sprites/pirate sprite.psd using Guid(defd4a726b3a29d4bb48b78c531d66d7) Importer(815301076,1909f56bfc062723c751e8b465ee728b)  -> (artifact id: '9ef9e4063f14c13a54e13143f4165b6b') in 0.008117 seconds
  Import took 0.012947 seconds .

========================================================================
Received Import Request.
  Time since last request: 23.886546 seconds.
  path: Assets/Sprites/pirate sprite.psd
  artifactKey: Guid(defd4a726b3a29d4bb48b78c531d66d7) Importer(815301076,1909f56bfc062723c751e8b465ee728b)
Start importing Assets/Sprites/pirate sprite.psd using Guid(defd4a726b3a29d4bb48b78c531d66d7) Importer(815301076,1909f56bfc062723c751e8b465ee728b)  -> (artifact id: '07e1727175c824a49a4fa8010cc0bcc2') in 0.008544 seconds
  Import took 0.013528 seconds .

========================================================================
Received Import Request.
  Time since last request: 0.050106 seconds.
  path: Assets/Sprites/pirate sprite.psd
  artifactKey: Guid(defd4a726b3a29d4bb48b78c531d66d7) Importer(815301076,1909f56bfc062723c751e8b465ee728b)
Start importing Assets/Sprites/pirate sprite.psd using Guid(defd4a726b3a29d4bb48b78c531d66d7) Importer(815301076,1909f56bfc062723c751e8b465ee728b)  -> (artifact id: '07e1727175c824a49a4fa8010cc0bcc2') in 0.024838 seconds
  Import took 0.034623 seconds .

========================================================================
Received Import Request.
  Time since last request: 31.838352 seconds.
  path: Assets/Scenes
  artifactKey: Guid(d6930a81345326b488419024456e18d4) Importer(815301076,1909f56bfc062723c751e8b465ee728b)
Start importing Assets/Scenes using Guid(d6930a81345326b488419024456e18d4) Importer(815301076,1909f56bfc062723c751e8b465ee728b)  -> (artifact id: 'd787ee6f7dbc6f87c43557920e000947') in 0.002353 seconds
  Import took 0.007166 seconds .

========================================================================
Received Import Request.
  Time since last request: 13.482898 seconds.
  path: Assets/Scenes/PirateScene.unity
  artifactKey: Guid(81edb481ecd8b1848bc13008324421aa) Importer(815301076,1909f56bfc062723c751e8b465ee728b)
Start importing Assets/Scenes/PirateScene.unity using Guid(81edb481ecd8b1848bc13008324421aa) Importer(815301076,1909f56bfc062723c751e8b465ee728b)  -> (artifact id: 'e0d7d9eb7bb107aa322a9bbcefb4be6b') in 0.002816 seconds
  Import took 0.007493 seconds .

========================================================================
Received Prepare
Registering precompiled user dll's ...
Registered in 0.002274 seconds.
Begin MonoManager ReloadAssembly
Native extension for WindowsStandalone target not found
Refreshing native plugins compatible for Editor in 0.37 ms, found 1 plugins.
Preloading 0 native plugins for Editor in 0.00 ms.
Mono: successfully reloaded assembly
- Completed reload, in  0.849 seconds
Platform modules already initialized, skipping
Refreshing native plugins compatible for Editor in 0.36 ms, found 1 plugins.
Preloading 0 native plugins for Editor in 0.00 ms.
Unloading 1932 Unused Serialized files (Serialized files now loaded: 0)
System memory in use before: 92.0 MB.
System memory in use after: 92.0 MB.

Unloading 14 unused Assets to reduce memory usage. Loaded Objects now: 2393.
Total: 2.208100 ms (FindLiveObjects: 0.312000 ms CreateObjectMapping: 0.137500 ms MarkObjects: 1.646700 ms  DeleteObjects: 0.110400 ms)

========================================================================
Received Import Request.
  Time since last request: 2348.705067 seconds.
  path: Assets/Sprites/pirate sprite 2.psd
  artifactKey: Guid(569d9275ed03aee40b75cb660f53ecd7) Importer(815301076,1909f56bfc062723c751e8b465ee728b)
Start importing Assets/Sprites/pirate sprite 2.psd using Guid(569d9275ed03aee40b75cb660f53ecd7) Importer(815301076,1909f56bfc062723c751e8b465ee728b)  -> (artifact id: 'cf63f2180687f995288b9c393e1219ae') in 0.064596 seconds
  Import took 0.073365 seconds .

========================================================================
Received Prepare
Registering precompiled user dll's ...
Registered in 0.002346 seconds.
Begin MonoManager ReloadAssembly
Native extension for WindowsStandalone target not found
Refreshing native plugins compatible for Editor in 0.37 ms, found 1 plugins.
Preloading 0 native plugins for Editor in 0.00 ms.
Mono: successfully reloaded assembly
- Completed reload, in  0.902 seconds
Platform modules already initialized, skipping
Refreshing native plugins compatible for Editor in 0.36 ms, found 1 plugins.
Preloading 0 native plugins for Editor in 0.00 ms.
Unloading 1932 Unused Serialized files (Serialized files now loaded: 0)
System memory in use before: 92.0 MB.
System memory in use after: 92.0 MB.

Unloading 14 unused Assets to reduce memory usage. Loaded Objects now: 2398.
Total: 2.283800 ms (FindLiveObjects: 0.197900 ms CreateObjectMapping: 0.080400 ms MarkObjects: 1.889400 ms  DeleteObjects: 0.115300 ms)

========================================================================
Received Prepare
Registering precompiled user dll's ...
Registered in 0.002563 seconds.
Begin MonoManager ReloadAssembly
Native extension for WindowsStandalone target not found
Refreshing native plugins compatible for Editor in 0.37 ms, found 1 plugins.
Preloading 0 native plugins for Editor in 0.00 ms.
Mono: successfully reloaded assembly
- Completed reload, in  0.900 seconds
Platform modules already initialized, skipping
Refreshing native plugins compatible for Editor in 0.63 ms, found 1 plugins.
Preloading 0 native plugins for Editor in 0.00 ms.
Unloading 1932 Unused Serialized files (Serialized files now loaded: 0)
System memory in use before: 92.1 MB.
System memory in use after: 92.0 MB.

Unloading 14 unused Assets to reduce memory usage. Loaded Objects now: 2402.
Total: 2.359800 ms (FindLiveObjects: 0.359300 ms CreateObjectMapping: 0.127200 ms MarkObjects: 1.770400 ms  DeleteObjects: 0.102100 ms)

========================================================================
Received Import Request.
  Time since last request: 299.703211 seconds.
  path: Assets/Sprites/planet1character.psd
  artifactKey: Guid(c89dd6eaa17cedc40af4db4c2342431c) Importer(815301076,1909f56bfc062723c751e8b465ee728b)
Start importing Assets/Sprites/planet1character.psd using Guid(c89dd6eaa17cedc40af4db4c2342431c) Importer(815301076,1909f56bfc062723c751e8b465ee728b)  -> (artifact id: 'fc6008ef150b7446249af22a2abed304') in 0.079817 seconds
  Import took 0.086201 seconds .

========================================================================
Received Import Request.
  Time since last request: 114.400461 seconds.
  path: Assets/Sprites/planet1character2.psd
  artifactKey: Guid(cc865c10bd320a54382953e604d9bff5) Importer(815301076,1909f56bfc062723c751e8b465ee728b)
Start importing Assets/Sprites/planet1character2.psd using Guid(cc865c10bd320a54382953e604d9bff5) Importer(815301076,1909f56bfc062723c751e8b465ee728b)  -> (artifact id: 'ac4b41857ecefb77f6983d6f00e56652') in 0.013993 seconds
  Import took 0.019542 seconds .

========================================================================
Received Import Request.
  Time since last request: 106.668495 seconds.
  path: Assets/Sprites/planet1character3.psd
  artifactKey: Guid(4b523645f3e5d2b479227459e8018653) Importer(815301076,1909f56bfc062723c751e8b465ee728b)
Start importing Assets/Sprites/planet1character3.psd using Guid(4b523645f3e5d2b479227459e8018653) Importer(815301076,1909f56bfc062723c751e8b465ee728b)  -> (artifact id: '5a1b26f5e7890ae529d76247a82d326a') in 0.022272 seconds
  Import took 0.027897 seconds .

========================================================================
Received Import Request.
  Time since last request: 0.000311 seconds.
  path: Assets/Sprites/planet1character4.psd
  artifactKey: Guid(c9bb1bad8c0e7e44e848081625fc2433) Importer(815301076,1909f56bfc062723c751e8b465ee728b)
Start importing Assets/Sprites/planet1character4.psd using Guid(c9bb1bad8c0e7e44e848081625fc2433) Importer(815301076,1909f56bfc062723c751e8b465ee728b)  -> (artifact id: '2ee2f80eb34687475ce0b7bec5203f47') in 0.010169 seconds
  Import took 0.015612 seconds .

========================================================================
Received Import Request.
  Time since last request: 431.107140 seconds.
  path: Assets/Sprites/planet 2 character 1. kra.psd
  artifactKey: Guid(877a6f1c61aa3fb4a996a7fe7d1ec46c) Importer(815301076,1909f56bfc062723c751e8b465ee728b)
Start importing Assets/Sprites/planet 2 character 1. kra.psd using Guid(877a6f1c61aa3fb4a996a7fe7d1ec46c) Importer(815301076,1909f56bfc062723c751e8b465ee728b)  -> (artifact id: 'ace9eabc4afda347e5ac2fc1677c6ba9') in 0.015069 seconds
  Import took 0.021539 seconds .

========================================================================
Received Import Request.
  Time since last request: 653.322596 seconds.
  path: Assets/Sprites/planet 2 surface 2.psd
  artifactKey: Guid(72434fc7a30422b4d94a206a2cfdb95a) Importer(815301076,1909f56bfc062723c751e8b465ee728b)
Start importing Assets/Sprites/planet 2 surface 2.psd using Guid(72434fc7a30422b4d94a206a2cfdb95a) Importer(815301076,1909f56bfc062723c751e8b465ee728b)  -> (artifact id: '73f343843dfe060f941e66b4f11af262') in 0.021393 seconds
  Import took 0.028440 seconds .

========================================================================
Received Import Request.
  Time since last request: 0.000387 seconds.
  path: Assets/Sprites/planet 2 surface 3.psd
  artifactKey: Guid(262a48a3d676b724e8edd4a89b8e0cd7) Importer(815301076,1909f56bfc062723c751e8b465ee728b)
Start importing Assets/Sprites/planet 2 surface 3.psd using Guid(262a48a3d676b724e8edd4a89b8e0cd7) Importer(815301076,1909f56bfc062723c751e8b465ee728b)  -> (artifact id: 'e669ad2ddd7c2d41b56b08c40288e35c') in 0.010996 seconds
  Import took 0.018208 seconds .

========================================================================
Received Prepare
Registering precompiled user dll's ...
Registered in 0.002329 seconds.
Begin MonoManager ReloadAssembly
Native extension for WindowsStandalone target not found
Refreshing native plugins compatible for Editor in 0.36 ms, found 1 plugins.
Preloading 0 native plugins for Editor in 0.00 ms.
Mono: successfully reloaded assembly
- Completed reload, in  0.917 seconds
Platform modules already initialized, skipping
Refreshing native plugins compatible for Editor in 0.38 ms, found 1 plugins.
Preloading 0 native plugins for Editor in 0.00 ms.
Unloading 1932 Unused Serialized files (Serialized files now loaded: 0)
System memory in use before: 92.1 MB.
System memory in use after: 92.1 MB.

Unloading 14 unused Assets to reduce memory usage. Loaded Objects now: 2407.
Total: 2.342800 ms (FindLiveObjects: 0.225400 ms CreateObjectMapping: 0.074500 ms MarkObjects: 1.891800 ms  DeleteObjects: 0.150300 ms)

========================================================================
Received Import Request.
  Time since last request: 181.629697 seconds.
  path: Assets/Scenes/JupiterScene.unity
  artifactKey: Guid(6507ded354a2f834db477be302b093ab) Importer(815301076,1909f56bfc062723c751e8b465ee728b)
Start importing Assets/Scenes/JupiterScene.unity using Guid(6507ded354a2f834db477be302b093ab) Importer(815301076,1909f56bfc062723c751e8b465ee728b)  -> (artifact id: 'f931d206361d21b78b95716b00219f0e') in 0.012133 seconds
  Import took 0.017335 seconds .

========================================================================
Received Import Request.
  Time since last request: 1.313248 seconds.
  path: Assets/Scenes/NeptuneScene.unity
  artifactKey: Guid(e65e826a6889fcc45a082ea5b0cdb95d) Importer(815301076,1909f56bfc062723c751e8b465ee728b)
Start importing Assets/Scenes/NeptuneScene.unity using Guid(e65e826a6889fcc45a082ea5b0cdb95d) Importer(815301076,1909f56bfc062723c751e8b465ee728b)  -> (artifact id: '9008461d151a0ea4ce0709379c1208de') in 0.003451 seconds
  Import took 0.009226 seconds .

========================================================================
Received Import Request.
  Time since last request: 1.971293 seconds.
  path: Assets/Scenes/PirateScene.unity
  artifactKey: Guid(81edb481ecd8b1848bc13008324421aa) Importer(815301076,1909f56bfc062723c751e8b465ee728b)
Start importing Assets/Scenes/PirateScene.unity using Guid(81edb481ecd8b1848bc13008324421aa) Importer(815301076,1909f56bfc062723c751e8b465ee728b)  -> (artifact id: '1175f05d0a11de088b6b3e00b220959d') in 0.003495 seconds
  Import took 0.009530 seconds .

========================================================================
Received Import Request.
  Time since last request: 303.196984 seconds.
  path: Assets/Sprites/jupitersurface 1.psd
  artifactKey: Guid(7040ca3bcfda09e43a76ccffbe67bd80) Importer(815301076,1909f56bfc062723c751e8b465ee728b)
Start importing Assets/Sprites/jupitersurface 1.psd using Guid(7040ca3bcfda09e43a76ccffbe67bd80) Importer(815301076,1909f56bfc062723c751e8b465ee728b)  -> (artifact id: 'ddc079adcb5ffc9bc802a1f2530c362b') in 0.051936 seconds
  Import took 0.058603 seconds .

========================================================================
Received Import Request.
  Time since last request: 0.000405 seconds.
  path: Assets/Sprites/jupitersurface 2.psd
  artifactKey: Guid(3456684d975a9fd4084dca66f49d9382) Importer(815301076,1909f56bfc062723c751e8b465ee728b)
Start importing Assets/Sprites/jupitersurface 2.psd using Guid(3456684d975a9fd4084dca66f49d9382) Importer(815301076,1909f56bfc062723c751e8b465ee728b)  -> (artifact id: '8173fb7136e6bfa7fbdec586a560f78d') in 0.011487 seconds
  Import took 0.018417 seconds .

========================================================================
Received Import Request.
  Time since last request: 0.000360 seconds.
  path: Assets/Sprites/jupitersurface 3.psd
  artifactKey: Guid(1d31cdae81065c342a08c0e7b7177b26) Importer(815301076,1909f56bfc062723c751e8b465ee728b)
Start importing Assets/Sprites/jupitersurface 3.psd using Guid(1d31cdae81065c342a08c0e7b7177b26) Importer(815301076,1909f56bfc062723c751e8b465ee728b)  -> (artifact id: 'c794109ce77508888e2578b2de0ee056') in 0.009880 seconds
  Import took 0.015863 seconds .

========================================================================
Received Import Request.
  Time since last request: 0.000318 seconds.
  path: Assets/Sprites/jupitersurface 1.psd
  artifactKey: Guid(7040ca3bcfda09e43a76ccffbe67bd80) Importer(815301076,1909f56bfc062723c751e8b465ee728b)
Start importing Assets/Sprites/jupitersurface 1.psd using Guid(7040ca3bcfda09e43a76ccffbe67bd80) Importer(815301076,1909f56bfc062723c751e8b465ee728b)  -> (artifact id: 'ddc079adcb5ffc9bc802a1f2530c362b') in 0.007619 seconds
  Import took 0.013147 seconds .

========================================================================
Received Import Request.
  Time since last request: 0.020082 seconds.
  path: Assets/Sprites/jupitersurface 2.psd
  artifactKey: Guid(3456684d975a9fd4084dca66f49d9382) Importer(815301076,1909f56bfc062723c751e8b465ee728b)
Start importing Assets/Sprites/jupitersurface 2.psd using Guid(3456684d975a9fd4084dca66f49d9382) Importer(815301076,1909f56bfc062723c751e8b465ee728b)  -> (artifact id: '8173fb7136e6bfa7fbdec586a560f78d') in 0.008163 seconds
  Import took 0.014383 seconds .

========================================================================
Received Import Request.
  Time since last request: 14772.394980 seconds.
  path: Assets/Sprites/Earth 2.psd
  artifactKey: Guid(bfa7060f3f507e340a612e0881d9b410) Importer(815301076,1909f56bfc062723c751e8b465ee728b)
Start importing Assets/Sprites/Earth 2.psd using Guid(bfa7060f3f507e340a612e0881d9b410) Importer(815301076,1909f56bfc062723c751e8b465ee728b)  -> (artifact id: 'f626cf2b5b4bdaf55d86fde052bd2f0d') in 0.036338 seconds
  Import took 0.043783 seconds .

========================================================================
Received Import Request.
  Time since last request: 0.000590 seconds.
  path: Assets/Sprites/Earth 3.psd
  artifactKey: Guid(33d8d3dde0444ce4cb8b0c07c409aa8a) Importer(815301076,1909f56bfc062723c751e8b465ee728b)
Start importing Assets/Sprites/Earth 3.psd using Guid(33d8d3dde0444ce4cb8b0c07c409aa8a) Importer(815301076,1909f56bfc062723c751e8b465ee728b)  -> (artifact id: '512649a94a7fe798e4147d99fe452a63') in 0.037587 seconds
  Import took 0.043761 seconds .

========================================================================
Received Import Request.
  Time since last request: 0.000350 seconds.
  path: Assets/Sprites/Earth 4.psd
  artifactKey: Guid(8ac992fabb5ff464598f1d23b392c546) Importer(815301076,1909f56bfc062723c751e8b465ee728b)
Start importing Assets/Sprites/Earth 4.psd using Guid(8ac992fabb5ff464598f1d23b392c546) Importer(815301076,1909f56bfc062723c751e8b465ee728b)  -> (artifact id: '0eb9ba30e1edbcf345db11305b2659e3') in 0.012722 seconds
  Import took 0.019803 seconds .

========================================================================
Received Import Request.
  Time since last request: 2490.498989 seconds.
  path: Assets/Sprites/Earth 5.psd
  artifactKey: Guid(1aaab7944568f8f43b40de39c543e98e) Importer(815301076,1909f56bfc062723c751e8b465ee728b)
Start importing Assets/Sprites/Earth 5.psd using Guid(1aaab7944568f8f43b40de39c543e98e) Importer(815301076,1909f56bfc062723c751e8b465ee728b)  -> (artifact id: '3d22dc0eeeddd2c36b2a568a477e6468') in 0.037930 seconds
  Import took 0.045720 seconds .

========================================================================
Received Import Request.
  Time since last request: 430.048820 seconds.
  path: Assets/Sprites/galaxy 2.psd
  artifactKey: Guid(98b3f801742b869468465dc39354e045) Importer(815301076,1909f56bfc062723c751e8b465ee728b)
Start importing Assets/Sprites/galaxy 2.psd using Guid(98b3f801742b869468465dc39354e045) Importer(815301076,1909f56bfc062723c751e8b465ee728b)  -> (artifact id: '17002fee9639f911194f1b8953406364') in 0.019655 seconds
  Import took 0.026624 seconds .

========================================================================
Received Import Request.
  Time since last request: 0.000354 seconds.
  path: Assets/Sprites/galaxy 4.psd
  artifactKey: Guid(1e5479aeca2fec244b3e89cac5de5fdb) Importer(815301076,1909f56bfc062723c751e8b465ee728b)
Start importing Assets/Sprites/galaxy 4.psd using Guid(1e5479aeca2fec244b3e89cac5de5fdb) Importer(815301076,1909f56bfc062723c751e8b465ee728b)  -> (artifact id: '6dc5d370d66d93bb174bc7bce202eb4e') in 0.010063 seconds
  Import took 0.016506 seconds .

========================================================================
Received Import Request.
  Time since last request: 0.000351 seconds.
  path: Assets/Sprites/galaxy 3.psd
  artifactKey: Guid(6b804b2224f0e574d8b90a6d6121d8a7) Importer(815301076,1909f56bfc062723c751e8b465ee728b)
Start importing Assets/Sprites/galaxy 3.psd using Guid(6b804b2224f0e574d8b90a6d6121d8a7) Importer(815301076,1909f56bfc062723c751e8b465ee728b)  -> (artifact id: 'bc1960960e8e8222d32746170eccb4a6') in 0.011592 seconds
  Import took 0.018491 seconds .

========================================================================
Received Import Request.
  Time since last request: 421.994083 seconds.
  path: Assets/Scenes/EarthScene.unity
  artifactKey: Guid(c3b52c99d31a9ee42be9625d35688381) Importer(815301076,1909f56bfc062723c751e8b465ee728b)
Start importing Assets/Scenes/EarthScene.unity using Guid(c3b52c99d31a9ee42be9625d35688381) Importer(815301076,1909f56bfc062723c751e8b465ee728b)  -> (artifact id: 'fffe66797ce6748f330aa1db11b44f4c') in 0.009369 seconds
  Import took 0.025605 seconds .

========================================================================
Received Import Request.
  Time since last request: 3.708034 seconds.
  path: Assets/Scenes/TravelBetweenScene1.unity
  artifactKey: Guid(6899158e070f5044394706726cabb286) Importer(815301076,1909f56bfc062723c751e8b465ee728b)
Start importing Assets/Scenes/TravelBetweenScene1.unity using Guid(6899158e070f5044394706726cabb286) Importer(815301076,1909f56bfc062723c751e8b465ee728b)  -> (artifact id: '713817e82b7064defd769f77ea000797') in 0.008707 seconds
  Import took 0.024634 seconds .

========================================================================
Received Import Request.
  Time since last request: 390.602889 seconds.
  path: Assets/Sprites/pirate spac.psd
  artifactKey: Guid(ff0c587e4b8fe05499a09d2a5d4914fd) Importer(815301076,1909f56bfc062723c751e8b465ee728b)
Start importing Assets/Sprites/pirate spac.psd using Guid(ff0c587e4b8fe05499a09d2a5d4914fd) Importer(815301076,1909f56bfc062723c751e8b465ee728b)  -> (artifact id: '5267d9ca6a1f489bb8aac261ca225918') in 0.020980 seconds
  Import took 0.028480 seconds .

========================================================================
Received Import Request.
  Time since last request: 0.000320 seconds.
  path: Assets/Sprites/pirate space 2.psd
  artifactKey: Guid(8b0274228799a5a46a498ace45c4d2fd) Importer(815301076,1909f56bfc062723c751e8b465ee728b)
Start importing Assets/Sprites/pirate space 2.psd using Guid(8b0274228799a5a46a498ace45c4d2fd) Importer(815301076,1909f56bfc062723c751e8b465ee728b)  -> (artifact id: '4a0eab637e78f00b860b302303caf415') in 0.013388 seconds
  Import took 0.019847 seconds .

========================================================================
Received Import Request.
  Time since last request: 0.000364 seconds.
  path: Assets/Sprites/pirate spac.psd
  artifactKey: Guid(ff0c587e4b8fe05499a09d2a5d4914fd) Importer(815301076,1909f56bfc062723c751e8b465ee728b)
Start importing Assets/Sprites/pirate spac.psd using Guid(ff0c587e4b8fe05499a09d2a5d4914fd) Importer(815301076,1909f56bfc062723c751e8b465ee728b)  -> (artifact id: '5267d9ca6a1f489bb8aac261ca225918') in 0.010102 seconds
  Import took 0.016124 seconds .

========================================================================
Received Import Request.
  Time since last request: 0.022923 seconds.
  path: Assets/Sprites/pirate space 2.psd
  artifactKey: Guid(8b0274228799a5a46a498ace45c4d2fd) Importer(815301076,1909f56bfc062723c751e8b465ee728b)
Start importing Assets/Sprites/pirate space 2.psd using Guid(8b0274228799a5a46a498ace45c4d2fd) Importer(815301076,1909f56bfc062723c751e8b465ee728b)  -> (artifact id: '4a0eab637e78f00b860b302303caf415') in 0.010981 seconds
  Import took 0.016853 seconds .

========================================================================
Received Prepare
Registering precompiled user dll's ...
Registered in 0.003478 seconds.
Begin MonoManager ReloadAssembly
Native extension for WindowsStandalone target not found
Refreshing native plugins compatible for Editor in 0.91 ms, found 1 plugins.
Preloading 0 native plugins for Editor in 0.00 ms.
Mono: successfully reloaded assembly
- Completed reload, in  1.693 seconds
Platform modules already initialized, skipping
Refreshing native plugins compatible for Editor in 0.50 ms, found 1 plugins.
Preloading 0 native plugins for Editor in 0.00 ms.
Unloading 1932 Unused Serialized files (Serialized files now loaded: 0)
System memory in use before: 92.1 MB.
System memory in use after: 92.1 MB.

Unloading 14 unused Assets to reduce memory usage. Loaded Objects now: 2412.
Total: 2.601500 ms (FindLiveObjects: 0.204200 ms CreateObjectMapping: 0.081600 ms MarkObjects: 2.187900 ms  DeleteObjects: 0.126900 ms)

========================================================================
Received Import Request.
  Time since last request: 211.977693 seconds.
  path: Assets/Scenes/JupiterScene.unity
  artifactKey: Guid(6507ded354a2f834db477be302b093ab) Importer(815301076,1909f56bfc062723c751e8b465ee728b)
Start importing Assets/Scenes/JupiterScene.unity using Guid(6507ded354a2f834db477be302b093ab) Importer(815301076,1909f56bfc062723c751e8b465ee728b)  -> (artifact id: '9bd6f5be9bb9b322c17d1c21b6a09222') in 0.036166 seconds
  Import took 0.049505 seconds .

========================================================================
Received Import Request.
  Time since last request: 0.011487 seconds.
  path: Assets/Scenes/JupiterScene.unity
  artifactKey: Guid(6507ded354a2f834db477be302b093ab) Importer(815301076,1909f56bfc062723c751e8b465ee728b)
Start importing Assets/Scenes/JupiterScene.unity using Guid(6507ded354a2f834db477be302b093ab) Importer(815301076,1909f56bfc062723c751e8b465ee728b)  -> (artifact id: '9bd6f5be9bb9b322c17d1c21b6a09222') in 0.008446 seconds
  Import took 0.019418 seconds .

========================================================================
Received Import Request.
  Time since last request: 12.236288 seconds.
  path: Assets/Scenes/PirateScene.unity
  artifactKey: Guid(81edb481ecd8b1848bc13008324421aa) Importer(815301076,1909f56bfc062723c751e8b465ee728b)
Start importing Assets/Scenes/PirateScene.unity using Guid(81edb481ecd8b1848bc13008324421aa) Importer(815301076,1909f56bfc062723c751e8b465ee728b)  -> (artifact id: 'aa0cb2eed49205dc0380d7c118ba12a4') in 0.007896 seconds
  Import took 0.018916 seconds .

========================================================================
Received Import Request.
  Time since last request: 2.431872 seconds.
  path: Assets/Scenes/TravelBetweenScene2.unity
  artifactKey: Guid(75fbad689fed1b44bafe23ec01063014) Importer(815301076,1909f56bfc062723c751e8b465ee728b)
Start importing Assets/Scenes/TravelBetweenScene2.unity using Guid(75fbad689fed1b44bafe23ec01063014) Importer(815301076,1909f56bfc062723c751e8b465ee728b)  -> (artifact id: '43839852f7391d7366131cd98e1a9cf4') in 0.007968 seconds
  Import took 0.019151 seconds .

========================================================================
Received Import Request.
  Time since last request: 254.111812 seconds.
  path: Assets/Sprites/ship 1.psd
  artifactKey: Guid(d85fc534018ba2a408fa2e51abff340b) Importer(815301076,1909f56bfc062723c751e8b465ee728b)
Start importing Assets/Sprites/ship 1.psd using Guid(d85fc534018ba2a408fa2e51abff340b) Importer(815301076,1909f56bfc062723c751e8b465ee728b)  -> (artifact id: '6b7b1d56a82a0f3d038803c4fe6bcf28') in 0.065143 seconds
  Import took 0.071904 seconds .

========================================================================
Received Import Request.
  Time since last request: 0.000376 seconds.
  path: Assets/Sprites/ship 5.psd
  artifactKey: Guid(ab58f5e6b0977ff46b413a3e62757f06) Importer(815301076,1909f56bfc062723c751e8b465ee728b)
Start importing Assets/Sprites/ship 5.psd using Guid(ab58f5e6b0977ff46b413a3e62757f06) Importer(815301076,1909f56bfc062723c751e8b465ee728b)  -> (artifact id: 'bf3283c92fd333528f26a32cbac21158') in 0.010457 seconds
  Import took 0.016138 seconds .

========================================================================
Received Import Request.
  Time since last request: 0.000414 seconds.
  path: Assets/Sprites/ship 4.psd
  artifactKey: Guid(079621885058da944a2a7719d97bd550) Importer(815301076,1909f56bfc062723c751e8b465ee728b)
Start importing Assets/Sprites/ship 4.psd using Guid(079621885058da944a2a7719d97bd550) Importer(815301076,1909f56bfc062723c751e8b465ee728b)  -> (artifact id: '1f436cd3ef34eba5748a9fb1e2d20bd1') in 0.012060 seconds
  Import took 0.016597 seconds .

========================================================================
Received Import Request.
  Time since last request: 0.000380 seconds.
  path: Assets/Sprites/ship 3.psd
  artifactKey: Guid(5895445d95983144392c194dbe311a1c) Importer(815301076,1909f56bfc062723c751e8b465ee728b)
Start importing Assets/Sprites/ship 3.psd using Guid(5895445d95983144392c194dbe311a1c) Importer(815301076,1909f56bfc062723c751e8b465ee728b)  -> (artifact id: '3cf97ad5bf17c94f993be1428c6681a2') in 0.011210 seconds
  Import took 0.016249 seconds .

========================================================================
Received Import Request.
  Time since last request: 0.000417 seconds.
  path: Assets/Sprites/ship 2.psd
  artifactKey: Guid(56677a1e569f55047ab97ebf2bb4c851) Importer(815301076,1909f56bfc062723c751e8b465ee728b)
Start importing Assets/Sprites/ship 2.psd using Guid(56677a1e569f55047ab97ebf2bb4c851) Importer(815301076,1909f56bfc062723c751e8b465ee728b)  -> (artifact id: 'd3d1f8c9180103322c8d45d4074511c3') in 0.011153 seconds
  Import took 0.016343 seconds .

========================================================================
Received Import Request.
  Time since last request: 11780.084322 seconds.
  path: Assets/Sprites/PLANET2,1.psd
  artifactKey: Guid(a680d694162911845bed8177793e9fc9) Importer(815301076,1909f56bfc062723c751e8b465ee728b)
Start importing Assets/Sprites/PLANET2,1.psd using Guid(a680d694162911845bed8177793e9fc9) Importer(815301076,1909f56bfc062723c751e8b465ee728b)  -> (artifact id: '746d083abdf5f326b418a3913da2871e') in 0.034433 seconds
  Import took 0.040173 seconds .

========================================================================
Received Prepare
Registering precompiled user dll's ...
Registered in 0.003869 seconds.
Begin MonoManager ReloadAssembly
Native extension for WindowsStandalone target not found
Refreshing native plugins compatible for Editor in 0.37 ms, found 1 plugins.
Preloading 0 native plugins for Editor in 0.00 ms.
Mono: successfully reloaded assembly
- Completed reload, in  0.932 seconds
Platform modules already initialized, skipping
Refreshing native plugins compatible for Editor in 0.38 ms, found 1 plugins.
Preloading 0 native plugins for Editor in 0.00 ms.
Unloading 1932 Unused Serialized files (Serialized files now loaded: 0)
System memory in use before: 92.1 MB.
System memory in use after: 92.1 MB.

Unloading 14 unused Assets to reduce memory usage. Loaded Objects now: 2417.
Total: 2.337600 ms (FindLiveObjects: 0.200400 ms CreateObjectMapping: 0.081000 ms MarkObjects: 1.899400 ms  DeleteObjects: 0.155800 ms)

========================================================================
Received Import Request.
  Time since last request: 237.810440 seconds.
  path: Assets/Scenes/TravelBetweenScene1.unity
  artifactKey: Guid(6899158e070f5044394706726cabb286) Importer(815301076,1909f56bfc062723c751e8b465ee728b)
Start importing Assets/Scenes/TravelBetweenScene1.unity using Guid(6899158e070f5044394706726cabb286) Importer(815301076,1909f56bfc062723c751e8b465ee728b)  -> (artifact id: '052063e6b16614deb1040a9917db1c3c') in 0.012542 seconds
  Import took 0.017716 seconds .

========================================================================
Received Import Request.
  Time since last request: 260.242743 seconds.
  path: Assets/Sprites/PLANET1.2.psd
  artifactKey: Guid(267a530fc5e433f45993417998b46086) Importer(815301076,1909f56bfc062723c751e8b465ee728b)
Start importing Assets/Sprites/PLANET1.2.psd using Guid(267a530fc5e433f45993417998b46086) Importer(815301076,1909f56bfc062723c751e8b465ee728b)  -> (artifact id: '5640b0668c65d223f749cd100435a54b') in 0.048316 seconds
  Import took 0.054618 seconds .

========================================================================
Received Prepare
Registering precompiled user dll's ...
Registered in 0.002672 seconds.
Begin MonoManager ReloadAssembly
Native extension for WindowsStandalone target not found
Refreshing native plugins compatible for Editor in 0.37 ms, found 1 plugins.
Preloading 0 native plugins for Editor in 0.00 ms.
Mono: successfully reloaded assembly
- Completed reload, in  1.000 seconds
Platform modules already initialized, skipping
Refreshing native plugins compatible for Editor in 0.37 ms, found 1 plugins.
Preloading 0 native plugins for Editor in 0.00 ms.
Unloading 1932 Unused Serialized files (Serialized files now loaded: 0)
System memory in use before: 92.2 MB.
System memory in use after: 92.1 MB.

Unloading 14 unused Assets to reduce memory usage. Loaded Objects now: 2422.
Total: 2.553400 ms (FindLiveObjects: 0.305700 ms CreateObjectMapping: 0.070500 ms MarkObjects: 2.067200 ms  DeleteObjects: 0.109200 ms)

========================================================================
Received Import Request.
  Time since last request: 194.885895 seconds.
  path: Assets/Scenes/SampleScene.unity
  artifactKey: Guid(2cda990e2423bbf4892e6590ba056729) Importer(815301076,1909f56bfc062723c751e8b465ee728b)
Start importing Assets/Scenes/SampleScene.unity using Guid(2cda990e2423bbf4892e6590ba056729) Importer(815301076,1909f56bfc062723c751e8b465ee728b)  -> (artifact id: '02945a613a9ff26de427dd721a6bf81d') in 0.012580 seconds
  Import took 0.018193 seconds .

========================================================================
Received Import Request.
  Time since last request: 9.526751 seconds.
  path: Assets/Scenes/EarthScene.unity
  artifactKey: Guid(c3b52c99d31a9ee42be9625d35688381) Importer(815301076,1909f56bfc062723c751e8b465ee728b)
Start importing Assets/Scenes/EarthScene.unity using Guid(c3b52c99d31a9ee42be9625d35688381) Importer(815301076,1909f56bfc062723c751e8b465ee728b)  -> (artifact id: '934679529b851fc4b3f4f69f6f39ec0e') in 0.009125 seconds
  Import took 0.017458 seconds .

========================================================================
Received Prepare
Registering precompiled user dll's ...
Registered in 0.002547 seconds.
Begin MonoManager ReloadAssembly
Native extension for WindowsStandalone target not found
Refreshing native plugins compatible for Editor in 0.38 ms, found 1 plugins.
Preloading 0 native plugins for Editor in 0.00 ms.
Mono: successfully reloaded assembly
- Completed reload, in  0.913 seconds
Platform modules already initialized, skipping
Refreshing native plugins compatible for Editor in 0.40 ms, found 1 plugins.
Preloading 0 native plugins for Editor in 0.00 ms.
Unloading 1932 Unused Serialized files (Serialized files now loaded: 0)
System memory in use before: 92.2 MB.
System memory in use after: 92.2 MB.

Unloading 14 unused Assets to reduce memory usage. Loaded Objects now: 2426.
Total: 2.275600 ms (FindLiveObjects: 0.223000 ms CreateObjectMapping: 0.075700 ms MarkObjects: 1.827200 ms  DeleteObjects: 0.148900 ms)

========================================================================
Received Prepare
Registering precompiled user dll's ...
Registered in 0.002601 seconds.
Begin MonoManager ReloadAssembly
Native extension for WindowsStandalone target not found
Refreshing native plugins compatible for Editor in 0.74 ms, found 1 plugins.
Preloading 0 native plugins for Editor in 0.00 ms.
Mono: successfully reloaded assembly
- Completed reload, in  0.947 seconds
Platform modules already initialized, skipping
Refreshing native plugins compatible for Editor in 0.37 ms, found 1 plugins.
Preloading 0 native plugins for Editor in 0.00 ms.
Unloading 1932 Unused Serialized files (Serialized files now loaded: 0)
System memory in use before: 92.2 MB.
System memory in use after: 92.2 MB.

Unloading 14 unused Assets to reduce memory usage. Loaded Objects now: 2430.
Total: 2.428000 ms (FindLiveObjects: 0.320700 ms CreateObjectMapping: 0.110500 ms MarkObjects: 1.846300 ms  DeleteObjects: 0.149500 ms)

========================================================================
Received Import Request.
  Time since last request: 198.821808 seconds.
  path: Assets/Scenes/TravelBetweenScene2.unity
  artifactKey: Guid(75fbad689fed1b44bafe23ec01063014) Importer(815301076,1909f56bfc062723c751e8b465ee728b)
Start importing Assets/Scenes/TravelBetweenScene2.unity using Guid(75fbad689fed1b44bafe23ec01063014) Importer(815301076,1909f56bfc062723c751e8b465ee728b)  -> (artifact id: 'd05a227b70a149fc942d71c52e628709') in 0.012274 seconds
  Import took 0.017587 seconds .

========================================================================
Received Import Request.
  Time since last request: 16.678318 seconds.
  path: Assets/Scenes/TravelBetweenScene1.unity
  artifactKey: Guid(6899158e070f5044394706726cabb286) Importer(815301076,1909f56bfc062723c751e8b465ee728b)
Start importing Assets/Scenes/TravelBetweenScene1.unity using Guid(6899158e070f5044394706726cabb286) Importer(815301076,1909f56bfc062723c751e8b465ee728b)  -> (artifact id: '371c1dd00849f7a9bfec5dbbd4da4845') in 0.008453 seconds
  Import took 0.024069 seconds .

========================================================================
Received Prepare
Registering precompiled user dll's ...
Registered in 0.003008 seconds.
Begin MonoManager ReloadAssembly
Native extension for WindowsStandalone target not found
Refreshing native plugins compatible for Editor in 0.39 ms, found 1 plugins.
Preloading 0 native plugins for Editor in 0.00 ms.
Mono: successfully reloaded assembly
- Completed reload, in  0.935 seconds
Platform modules already initialized, skipping
Refreshing native plugins compatible for Editor in 0.39 ms, found 1 plugins.
Preloading 0 native plugins for Editor in 0.00 ms.
Unloading 1932 Unused Serialized files (Serialized files now loaded: 0)
System memory in use before: 92.2 MB.
System memory in use after: 92.2 MB.

Unloading 14 unused Assets to reduce memory usage. Loaded Objects now: 2434.
Total: 2.468300 ms (FindLiveObjects: 0.263000 ms CreateObjectMapping: 0.124800 ms MarkObjects: 1.933800 ms  DeleteObjects: 0.145900 ms)

========================================================================
Received Import Request.
  Time since last request: 505.334560 seconds.
  path: Assets/Sprites/AstroTheNautMainCharacterWalk1.psd
  artifactKey: Guid(21f8a2c8c0379334595a09d726da6e8a) Importer(815301076,1909f56bfc062723c751e8b465ee728b)
Start importing Assets/Sprites/AstroTheNautMainCharacterWalk1.psd using Guid(21f8a2c8c0379334595a09d726da6e8a) Importer(815301076,1909f56bfc062723c751e8b465ee728b)  -> (artifact id: '64c419430add3b8c5bbc50f4b52b74bd') in 0.068871 seconds
  Import took 0.075173 seconds .

========================================================================
Received Import Request.
  Time since last request: 147.919519 seconds.
  path: Assets/Sprites/AstroTheNautMainCharacterWalk2.psd
  artifactKey: Guid(9d72ed89a7b7da1439a74794a52ded25) Importer(815301076,1909f56bfc062723c751e8b465ee728b)
Start importing Assets/Sprites/AstroTheNautMainCharacterWalk2.psd using Guid(9d72ed89a7b7da1439a74794a52ded25) Importer(815301076,1909f56bfc062723c751e8b465ee728b)  -> (artifact id: '95efa64f976d7f9ecf4f467231954168') in 0.022454 seconds
  Import took 0.028561 seconds .

========================================================================
Received Import Request.
  Time since last request: 229.993131 seconds.
  path: Assets/Scenes/EarthScene.unity
  artifactKey: Guid(c3b52c99d31a9ee42be9625d35688381) Importer(815301076,1909f56bfc062723c751e8b465ee728b)
Start importing Assets/Scenes/EarthScene.unity using Guid(c3b52c99d31a9ee42be9625d35688381) Importer(815301076,1909f56bfc062723c751e8b465ee728b)  -> (artifact id: '109319c84d2699653200c87fff1f307e') in 0.003883 seconds
  Import took 0.009051 seconds .

========================================================================
Received Import Request.
  Time since last request: 1.564733 seconds.
  path: Assets/Scenes/JupiterScene.unity
  artifactKey: Guid(6507ded354a2f834db477be302b093ab) Importer(815301076,1909f56bfc062723c751e8b465ee728b)
Start importing Assets/Scenes/JupiterScene.unity using Guid(6507ded354a2f834db477be302b093ab) Importer(815301076,1909f56bfc062723c751e8b465ee728b)  -> (artifact id: 'd6b7a313c71aa495fee236c3a9ab8880') in 0.005530 seconds
  Import took 0.010543 seconds .

========================================================================
Received Prepare
Registering precompiled user dll's ...
Registered in 0.002535 seconds.
Begin MonoManager ReloadAssembly
Native extension for WindowsStandalone target not found
Refreshing native plugins compatible for Editor in 0.45 ms, found 1 plugins.
Preloading 0 native plugins for Editor in 0.00 ms.
Mono: successfully reloaded assembly
- Completed reload, in  0.977 seconds
Platform modules already initialized, skipping
Refreshing native plugins compatible for Editor in 0.37 ms, found 1 plugins.
Preloading 0 native plugins for Editor in 0.00 ms.
Unloading 1932 Unused Serialized files (Serialized files now loaded: 0)
System memory in use before: 92.2 MB.
System memory in use after: 92.2 MB.

Unloading 14 unused Assets to reduce memory usage. Loaded Objects now: 2439.
Total: 2.632300 ms (FindLiveObjects: 0.286200 ms CreateObjectMapping: 0.084300 ms MarkObjects: 2.091100 ms  DeleteObjects: 0.169500 ms)

========================================================================
Received Import Request.
  Time since last request: 137.294043 seconds.
  path: Assets/Scenes/Traveltopirate.unity
  artifactKey: Guid(e76fad700f66a3f40a875fdc313cb20d) Importer(815301076,1909f56bfc062723c751e8b465ee728b)
Start importing Assets/Scenes/Traveltopirate.unity using Guid(e76fad700f66a3f40a875fdc313cb20d) Importer(815301076,1909f56bfc062723c751e8b465ee728b)  -> (artifact id: 'a0d911718a7d3dedfd00be60efb65b70') in 0.012714 seconds
  Import took 0.018024 seconds .

========================================================================
Received Import Request.
  Time since last request: 297.770309 seconds.
  path: Assets/Sprites/pirate spac 1.psd
  artifactKey: Guid(1daeb2382d7a1804bb8cf010c548da6f) Importer(815301076,1909f56bfc062723c751e8b465ee728b)
Start importing Assets/Sprites/pirate spac 1.psd using Guid(1daeb2382d7a1804bb8cf010c548da6f) Importer(815301076,1909f56bfc062723c751e8b465ee728b)  -> (artifact id: 'e313732652c5d65013c71bc32db6682c') in 0.045437 seconds
  Import took 0.050815 seconds .

========================================================================
Received Import Request.
  Time since last request: 108.637694 seconds.
  path: Assets/Sprites/pirate spac 1.psd
  artifactKey: Guid(1daeb2382d7a1804bb8cf010c548da6f) Importer(815301076,1909f56bfc062723c751e8b465ee728b)
Start importing Assets/Sprites/pirate spac 1.psd using Guid(1daeb2382d7a1804bb8cf010c548da6f) Importer(815301076,1909f56bfc062723c751e8b465ee728b)  -> (artifact id: 'a720f8adfce8e035a27e8986f92d9b56') in 0.017695 seconds
  Import took 0.024951 seconds .

========================================================================
Received Import Request.
  Time since last request: 219.334613 seconds.
  path: Assets/Sprites/pirate spac 2 .psd
  artifactKey: Guid(034e82151e4851a4eb2f100af84c2691) Importer(815301076,1909f56bfc062723c751e8b465ee728b)
Start importing Assets/Sprites/pirate spac 2 .psd using Guid(034e82151e4851a4eb2f100af84c2691) Importer(815301076,1909f56bfc062723c751e8b465ee728b)  -> (artifact id: 'd75efa5e76e19ac9de63cda09d7174a0') in 0.017867 seconds
  Import took 0.026639 seconds .

========================================================================
Received Import Request.
  Time since last request: 0.000334 seconds.
  path: Assets/Sprites/pirate spac 3 .psd
  artifactKey: Guid(cafc3997207bca44c9da756dbe6bcdf3) Importer(815301076,1909f56bfc062723c751e8b465ee728b)
Start importing Assets/Sprites/pirate spac 3 .psd using Guid(cafc3997207bca44c9da756dbe6bcdf3) Importer(815301076,1909f56bfc062723c751e8b465ee728b)  -> (artifact id: 'fcb11af97027ade3a273e66b9c59c337') in 0.011173 seconds
  Import took 0.016958 seconds .

========================================================================
Received Import Request.
  Time since last request: 0.000504 seconds.
  path: Assets/Sprites/pirate spac 2 .psd
  artifactKey: Guid(034e82151e4851a4eb2f100af84c2691) Importer(815301076,1909f56bfc062723c751e8b465ee728b)
Start importing Assets/Sprites/pirate spac 2 .psd using Guid(034e82151e4851a4eb2f100af84c2691) Importer(815301076,1909f56bfc062723c751e8b465ee728b)  -> (artifact id: 'd75efa5e76e19ac9de63cda09d7174a0') in 0.013219 seconds
  Import took 0.020678 seconds .

========================================================================
Received Import Request.
  Time since last request: 0.090324 seconds.
  path: Assets/Sprites/pirate spac 3 .psd
  artifactKey: Guid(cafc3997207bca44c9da756dbe6bcdf3) Importer(815301076,1909f56bfc062723c751e8b465ee728b)
Start importing Assets/Sprites/pirate spac 3 .psd using Guid(cafc3997207bca44c9da756dbe6bcdf3) Importer(815301076,1909f56bfc062723c751e8b465ee728b)  -> (artifact id: 'fcb11af97027ade3a273e66b9c59c337') in 0.016536 seconds
  Import took 0.027155 seconds .

========================================================================
Received Prepare
Registering precompiled user dll's ...
Registered in 0.002570 seconds.
Begin MonoManager ReloadAssembly
Native extension for WindowsStandalone target not found
Refreshing native plugins compatible for Editor in 0.37 ms, found 1 plugins.
Preloading 0 native plugins for Editor in 0.00 ms.
Mono: successfully reloaded assembly
- Completed reload, in  1.016 seconds
Platform modules already initialized, skipping
Refreshing native plugins compatible for Editor in 0.52 ms, found 1 plugins.
Preloading 0 native plugins for Editor in 0.00 ms.
Unloading 1932 Unused Serialized files (Serialized files now loaded: 0)
System memory in use before: 92.3 MB.
System memory in use after: 92.2 MB.

Unloading 14 unused Assets to reduce memory usage. Loaded Objects now: 2444.
Total: 2.622600 ms (FindLiveObjects: 0.279300 ms CreateObjectMapping: 0.113300 ms MarkObjects: 2.063000 ms  DeleteObjects: 0.165900 ms)

========================================================================
Received Prepare
Registering precompiled user dll's ...
Registered in 0.002590 seconds.
Begin MonoManager ReloadAssembly
Native extension for WindowsStandalone target not found
Refreshing native plugins compatible for Editor in 0.39 ms, found 1 plugins.
Preloading 0 native plugins for Editor in 0.00 ms.
Mono: successfully reloaded assembly
- Completed reload, in  0.966 seconds
Platform modules already initialized, skipping
Refreshing native plugins compatible for Editor in 0.38 ms, found 1 plugins.
Preloading 0 native plugins for Editor in 0.00 ms.
Unloading 1932 Unused Serialized files (Serialized files now loaded: 0)
System memory in use before: 92.3 MB.
System memory in use after: 92.3 MB.

Unloading 14 unused Assets to reduce memory usage. Loaded Objects now: 2448.
Total: 2.646400 ms (FindLiveObjects: 0.384100 ms CreateObjectMapping: 0.094800 ms MarkObjects: 2.021400 ms  DeleteObjects: 0.145200 ms)

========================================================================
Received Prepare
Registering precompiled user dll's ...
Registered in 0.002629 seconds.
Begin MonoManager ReloadAssembly
Native extension for WindowsStandalone target not found
Refreshing native plugins compatible for Editor in 0.37 ms, found 1 plugins.
Preloading 0 native plugins for Editor in 0.00 ms.
Mono: successfully reloaded assembly
- Completed reload, in  0.971 seconds
Platform modules already initialized, skipping
Refreshing native plugins compatible for Editor in 0.37 ms, found 1 plugins.
Preloading 0 native plugins for Editor in 0.00 ms.
Unloading 1932 Unused Serialized files (Serialized files now loaded: 0)
System memory in use before: 92.3 MB.
System memory in use after: 92.3 MB.

Unloading 14 unused Assets to reduce memory usage. Loaded Objects now: 2452.
Total: 3.541500 ms (FindLiveObjects: 0.269000 ms CreateObjectMapping: 0.198700 ms MarkObjects: 2.934000 ms  DeleteObjects: 0.138200 ms)

========================================================================
Received Prepare
Registering precompiled user dll's ...
Registered in 0.002517 seconds.
Begin MonoManager ReloadAssembly
Native extension for WindowsStandalone target not found
Refreshing native plugins compatible for Editor in 0.37 ms, found 1 plugins.
Preloading 0 native plugins for Editor in 0.00 ms.
Mono: successfully reloaded assembly
- Completed reload, in  0.992 seconds
Platform modules already initialized, skipping
Refreshing native plugins compatible for Editor in 0.63 ms, found 1 plugins.
Preloading 0 native plugins for Editor in 0.00 ms.
Unloading 1932 Unused Serialized files (Serialized files now loaded: 0)
System memory in use before: 92.3 MB.
System memory in use after: 92.3 MB.

Unloading 14 unused Assets to reduce memory usage. Loaded Objects now: 2456.
Total: 2.908000 ms (FindLiveObjects: 0.601100 ms CreateObjectMapping: 0.238400 ms MarkObjects: 1.905000 ms  DeleteObjects: 0.162100 ms)

========================================================================
Received Import Request.
  Time since last request: 316.109949 seconds.
  path: Assets/Scenes/NeptuneScene.unity
  artifactKey: Guid(e65e826a6889fcc45a082ea5b0cdb95d) Importer(815301076,1909f56bfc062723c751e8b465ee728b)
Start importing Assets/Scenes/NeptuneScene.unity using Guid(e65e826a6889fcc45a082ea5b0cdb95d) Importer(815301076,1909f56bfc062723c751e8b465ee728b)  -> (artifact id: '9cf18ce36b45832fa4ac72bea3e0e134') in 0.014177 seconds
  Import took 0.020357 seconds .

========================================================================
Received Import Request.
  Time since last request: 6.146217 seconds.
  path: Assets/Scenes/Traveltopirate.unity
  artifactKey: Guid(e76fad700f66a3f40a875fdc313cb20d) Importer(815301076,1909f56bfc062723c751e8b465ee728b)
Start importing Assets/Scenes/Traveltopirate.unity using Guid(e76fad700f66a3f40a875fdc313cb20d) Importer(815301076,1909f56bfc062723c751e8b465ee728b)  -> (artifact id: 'b0607078e020cf198355c89bcd560563') in 0.004097 seconds
  Import took 0.010451 seconds .

========================================================================
Received Import Request.
  Time since last request: 9.713698 seconds.
  path: Assets/Scenes/PirateScene.unity
  artifactKey: Guid(81edb481ecd8b1848bc13008324421aa) Importer(815301076,1909f56bfc062723c751e8b465ee728b)
Start importing Assets/Scenes/PirateScene.unity using Guid(81edb481ecd8b1848bc13008324421aa) Importer(815301076,1909f56bfc062723c751e8b465ee728b)  -> (artifact id: '671905ca89fc1a1a03cbe6645bf39ad7') in 0.004250 seconds
  Import took 0.010627 seconds .

========================================================================
Received Prepare
Registering precompiled user dll's ...
Registered in 0.002692 seconds.
Begin MonoManager ReloadAssembly
Native extension for WindowsStandalone target not found
Refreshing native plugins compatible for Editor in 0.63 ms, found 1 plugins.
Preloading 0 native plugins for Editor in 0.00 ms.
Mono: successfully reloaded assembly
- Completed reload, in  1.006 seconds
Platform modules already initialized, skipping
Refreshing native plugins compatible for Editor in 0.41 ms, found 1 plugins.
Preloading 0 native plugins for Editor in 0.00 ms.
Unloading 1932 Unused Serialized files (Serialized files now loaded: 0)
System memory in use before: 92.3 MB.
System memory in use after: 92.3 MB.

Unloading 14 unused Assets to reduce memory usage. Loaded Objects now: 2460.
Total: 2.827400 ms (FindLiveObjects: 0.506700 ms CreateObjectMapping: 0.193400 ms MarkObjects: 1.960000 ms  DeleteObjects: 0.166100 ms)

========================================================================
Received Import Request.
  Time since last request: 51.711569 seconds.
  path: Assets/Sprites/AstroTheNautMainCharacterWalk1.psd
  artifactKey: Guid(21f8a2c8c0379334595a09d726da6e8a) Importer(815301076,1909f56bfc062723c751e8b465ee728b)
Start importing Assets/Sprites/AstroTheNautMainCharacterWalk1.psd using Guid(21f8a2c8c0379334595a09d726da6e8a) Importer(815301076,1909f56bfc062723c751e8b465ee728b)  -> (artifact id: 'c10b7fe24194b3d887e54f2a282c9ebd') in 0.108653 seconds
  Import took 0.116340 seconds .

========================================================================
Received Import Request.
  Time since last request: 12.833317 seconds.
  path: Assets/Sprites/AstroTheNautMainCharacterWalk2.psd
  artifactKey: Guid(9d72ed89a7b7da1439a74794a52ded25) Importer(815301076,1909f56bfc062723c751e8b465ee728b)
Start importing Assets/Sprites/AstroTheNautMainCharacterWalk2.psd using Guid(9d72ed89a7b7da1439a74794a52ded25) Importer(815301076,1909f56bfc062723c751e8b465ee728b)  -> (artifact id: '2ebb3c578ac0e83be181daef92b7554b') in 0.013431 seconds
  Import took 0.019423 seconds .

========================================================================
Received Import Request.
  Time since last request: 0.032053 seconds.
  path: Assets/Sprites/AstroTheNautMainCharacterWalk2.psd
  artifactKey: Guid(9d72ed89a7b7da1439a74794a52ded25) Importer(815301076,1909f56bfc062723c751e8b465ee728b)
Start importing Assets/Sprites/AstroTheNautMainCharacterWalk2.psd using Guid(9d72ed89a7b7da1439a74794a52ded25) Importer(815301076,1909f56bfc062723c751e8b465ee728b)  -> (artifact id: '2ebb3c578ac0e83be181daef92b7554b') in 0.015863 seconds
  Import took 0.020465 seconds .

========================================================================
Received Prepare
Registering precompiled user dll's ...
Registered in 0.002684 seconds.
Begin MonoManager ReloadAssembly
Native extension for WindowsStandalone target not found
Refreshing native plugins compatible for Editor in 0.37 ms, found 1 plugins.
Preloading 0 native plugins for Editor in 0.00 ms.
Mono: successfully reloaded assembly
- Completed reload, in  0.936 seconds
Platform modules already initialized, skipping
Refreshing native plugins compatible for Editor in 0.44 ms, found 1 plugins.
Preloading 0 native plugins for Editor in 0.00 ms.
Unloading 1932 Unused Serialized files (Serialized files now loaded: 0)
System memory in use before: 92.3 MB.
System memory in use after: 92.3 MB.

Unloading 14 unused Assets to reduce memory usage. Loaded Objects now: 2465.
Total: 5.676100 ms (FindLiveObjects: 0.512200 ms CreateObjectMapping: 0.233700 ms MarkObjects: 4.625500 ms  DeleteObjects: 0.300700 ms)

AssetImportWorkerClient::OnTransportError - code=2 error=End of file
